[2025-01-16T06:48:57.493Z] POST /api/v1/users/67888c7810f1d6a3f86eb8d6/follow from ::1
[2025-01-16T06:48:57.514Z] RESPONSE: 400 (21 ms)

[2025-01-16T06:48:57.517Z] ERROR: 400 Bad Request

[2025-01-16T06:49:01.478Z] POST /api/v1/users/67888c7810f1d6a3f86eb8d6/unfollow from ::1
[2025-01-16T06:49:01.552Z] RESPONSE: 200 (74 ms)

[2025-01-16T06:49:06.037Z] POST /api/v1/users/67888c7810f1d6a3f86eb8d6/follow from ::1
[2025-01-16T06:49:06.097Z] RESPONSE: 200 (60 ms)

[2025-01-18T15:12:32.505Z] POST /api/v1/auth/local from ::1
[2025-01-18T15:12:32.928Z] RESPONSE: 200 (423 ms)

[2025-01-18T15:13:03.129Z] GET /api/v1/users from ::1
[2025-01-18T15:13:03.158Z] RESPONSE: 200 (29 ms)

[2025-01-18T15:13:22.646Z] GET /api/v1/users from ::1
[2025-01-18T15:13:22.666Z] RESPONSE: 200 (20 ms)

[2025-01-18T15:20:55.428Z] GET /api/v1/users from ::1
[2025-01-18T15:20:55.518Z] RESPONSE: 200 (90 ms)

[2025-01-18T15:31:17.724Z] POST /api/v1/auth/local from ::1
[2025-01-18T15:31:17.997Z] RESPONSE: 200 (273 ms)

[2025-01-18T15:33:36.787Z] POST /api/v1/auth/local from ::1
[2025-01-18T15:33:37.499Z] RESPONSE: 200 (712 ms)

[2025-01-18T15:35:04.253Z] POST /api/v1/auth/local from ::1
[2025-01-18T15:35:04.716Z] RESPONSE: 200 (463 ms)

[2025-01-19T05:03:01.979Z] POST /api/v1/auth/local from ::1
[2025-01-19T05:03:12.007Z] RESPONSE: 500 (10028 ms)

[2025-01-19T05:03:12.010Z] ERROR: 500 Internal Server Error

[2025-01-19T05:03:23.011Z] POST /api/v1/auth/local from ::1
[2025-01-19T05:03:33.067Z] RESPONSE: 500 (10056 ms)

[2025-01-19T05:03:33.114Z] ERROR: 500 Internal Server Error

[2025-01-19T05:09:29.655Z] POST /api/v1/auth/local from ::1
[2025-01-19T05:09:39.658Z] RESPONSE: 500 (10003 ms)

[2025-01-19T05:09:39.663Z] ERROR: 500 Internal Server Error

[2025-01-19T09:35:47.481Z] POST /api/v1/users from ::1
[2025-01-19T09:35:48.358Z] RESPONSE: 201 (877 ms)

[2025-01-19T09:37:44.028Z] PUT /api/v1/users/678cc77452acb5f8e3e2e4d8/update from ::1
[2025-01-19T09:37:44.333Z] RESPONSE: 200 (305 ms)

[2025-01-19T09:38:09.544Z] GET /api/v1/users from ::1
[2025-01-19T09:38:09.583Z] RESPONSE: 200 (39 ms)

[2025-01-19T09:38:29.964Z] GET /api/v1/users/678cc77452acb5f8e3e2e4d8 from ::1
[2025-01-19T09:38:30.021Z] RESPONSE: 200 (57 ms)

[2025-01-19T09:44:06.447Z] GET /api/v1/users/678cc77452acb5f8e3e2e4d8/nearby from ::1
[2025-01-19T09:44:06.532Z] RESPONSE: 200 (85 ms)

[2025-01-19T09:53:21.950Z] GET /api/v1/users from ::1
[2025-01-19T09:53:21.974Z] RESPONSE: 200 (24 ms)

[2025-01-19T09:53:31.117Z] GET /api/v1/users/678cc77452acb5f8e3e2e4d8 from ::1
[2025-01-19T09:53:31.144Z] RESPONSE: 200 (27 ms)

[2025-01-19T09:54:43.678Z] POST /api/v1/auth/local from ::1
[2025-01-19T09:54:43.726Z] RESPONSE: 400 (48 ms)

[2025-01-19T09:54:43.824Z] ERROR: 400 Bad Request

[2025-01-19T09:56:59.052Z] PUT /api/v1/users/678cc77452acb5f8e3e2e4d8/update from ::1
[2025-01-19T09:56:59.318Z] RESPONSE: 200 (266 ms)

[2025-01-19T09:57:11.396Z] POST /api/v1/auth/local from ::1
[2025-01-19T09:57:11.686Z] RESPONSE: 200 (290 ms)

[2025-01-19T09:59:07.347Z] POST /api/v1/users/67888d3010f1d6a3f86eb8df/follow from ::1
[2025-01-19T09:59:07.418Z] RESPONSE: 200 (71 ms)

[2025-01-19T09:59:20.273Z] POST /api/v1/users/67888d3010f1d6a3f86eb8df/unfollow from ::1
[2025-01-19T09:59:20.317Z] RESPONSE: 200 (44 ms)

[2025-01-19T09:59:33.088Z] GET /api/v1/users/678cc77452acb5f8e3e2e4d8/nearby from ::1
[2025-01-19T09:59:33.164Z] RESPONSE: 200 (76 ms)

[2025-01-19T09:59:44.932Z] GET /api/v1/users/678cc77452acb5f8e3e2e4d8/nearby from ::1
[2025-01-19T09:59:45.013Z] RESPONSE: 200 (81 ms)

[2025-01-19T10:02:03.511Z] GET /api/v1/users/678cc77452acb5f8e3e2e4d8/nearby from ::1
[2025-01-19T10:02:03.577Z] RESPONSE: 200 (66 ms)

[2025-01-19T10:04:08.221Z] GET /api/v1/users/678cc77452acb5f8e3e2e4d8 from ::1
[2025-01-19T10:04:08.247Z] RESPONSE: 200 (26 ms)

[2025-01-19T10:04:22.307Z] POST /api/v1/auth/local from ::1
[2025-01-19T10:04:22.531Z] RESPONSE: 200 (224 ms)

[2025-01-19T10:05:02.261Z] POST /api/v1/users/67888d3010f1d6a3f86eb8df/follow from ::1
[2025-01-19T10:05:02.401Z] RESPONSE: 200 (140 ms)

[2025-01-19T10:05:13.201Z] GET /api/v1/users/678cc77452acb5f8e3e2e4d8 from ::1
[2025-01-19T10:05:13.230Z] RESPONSE: 200 (29 ms)

[2025-01-19T10:05:42.589Z] GET /api/v1/users/678cc77452acb5f8e3e2e4d8/nearby from ::1
[2025-01-19T10:05:42.684Z] RESPONSE: 200 (95 ms)

